{
  "RSpec": {
    "coverage": {
      "/Users/hmtanbir/www/ruby/projects/sanda/app/services/json_web_token.rb": {
        "lines": [
          1,
          1,
          1,
          null,
          1,
          18,
          18,
          null,
          null,
          1,
          17,
          15,
          null,
          2,
          null,
          null
        ]
      },
      "/Users/hmtanbir/www/ruby/projects/sanda/app/services/pagination_service.rb": {
        "lines": [
          1,
          1,
          4,
          4,
          4,
          4,
          4,
          4,
          null,
          null,
          null,
          1,
          1,
          1,
          1,
          null,
          null,
          1,
          4,
          4,
          null,
          4,
          null,
          null,
          null,
          4,
          4,
          null,
          null,
          null
        ]
      },
      "/Users/hmtanbir/www/ruby/projects/sanda/app/services/redis_user_service.rb": {
        "lines": [
          1,
          1,
          4,
          null,
          null,
          1,
          1,
          null,
          null,
          null,
          null,
          null,
          null,
          null,
          null,
          null,
          1,
          2,
          null,
          2,
          1,
          null,
          null,
          1,
          null,
          1,
          1,
          null,
          null
        ]
      },
      "/Users/hmtanbir/www/ruby/projects/sanda/app/models/user.rb": {
        "lines": [
          1,
          1,
          1,
          null,
          1,
          1,
          1,
          1,
          null,
          4,
          3,
          null
        ]
      },
      "/Users/hmtanbir/www/ruby/projects/sanda/app/models/application_record.rb": {
        "lines": [
          1,
          1,
          null
        ]
      },
      "/Users/hmtanbir/www/ruby/projects/sanda/app/policies/application_policy.rb": {
        "lines": [
          null,
          null,
          1,
          1,
          null,
          1,
          29,
          29,
          null,
          null,
          1,
          1,
          null,
          null,
          1,
          1,
          null,
          null,
          1,
          3,
          null,
          null,
          1,
          1,
          null,
          null,
          1,
          3,
          null,
          null,
          1,
          1,
          null,
          null,
          1,
          1,
          null,
          null,
          1,
          2,
          null,
          null,
          1,
          2,
          null,
          null,
          1,
          2,
          null,
          null,
          1,
          1,
          1,
          1,
          null,
          null,
          1,
          1,
          null,
          null,
          1,
          null,
          1,
          null,
          null
        ]
      },
      "/Users/hmtanbir/www/ruby/projects/sanda/app/policies/user_policy.rb": {
        "lines": [
          1,
          1,
          9,
          null,
          null,
          1,
          9,
          null,
          null,
          1,
          3,
          null,
          null,
          1,
          3,
          null,
          null
        ]
      },
      "/Users/hmtanbir/www/ruby/projects/sanda/app/serializers/user_serializer.rb": {
        "lines": [
          1,
          1,
          null
        ]
      },
      "/Users/hmtanbir/www/ruby/projects/sanda/app/controllers/api/v1/sessions_controller.rb": {
        "lines": [
          1,
          1,
          1,
          null,
          1,
          3,
          null,
          3,
          null,
          2,
          1,
          1,
          null,
          1,
          null,
          null,
          null,
          1,
          null,
          1,
          5,
          null,
          null
        ]
      },
      "/Users/hmtanbir/www/ruby/projects/sanda/app/controllers/application_controller.rb": {
        "lines": [
          1,
          1,
          1,
          null,
          1,
          null,
          1,
          1,
          1,
          1,
          null,
          1,
          1,
          null,
          1,
          null,
          1,
          2,
          2,
          2,
          null,
          null,
          1,
          1,
          1,
          1,
          null,
          null,
          1,
          3,
          3,
          3,
          null,
          null,
          1,
          20,
          null,
          20,
          null,
          null,
          null,
          20,
          null,
          null,
          1,
          null,
          6,
          3,
          null,
          null,
          null,
          1,
          15,
          15,
          15,
          null,
          null,
          14,
          14,
          13,
          null,
          1,
          null,
          null,
          null,
          1,
          12,
          null,
          null,
          1,
          1,
          null,
          null
        ]
      },
      "/Users/hmtanbir/www/ruby/projects/sanda/app/controllers/api/v1/users_controller.rb": {
        "lines": [
          1,
          1,
          1,
          1,
          1,
          null,
          null,
          1,
          null,
          null,
          1,
          null,
          null,
          1,
          2,
          2,
          1,
          1,
          null,
          1,
          null,
          null,
          null,
          null,
          1,
          2,
          1,
          null,
          1,
          null,
          null,
          1,
          2,
          1,
          1,
          null,
          1,
          null,
          null,
          1,
          null,
          1,
          6,
          1,
          null,
          null,
          5,
          null,
          null,
          1,
          4,
          null,
          null,
          1,
          1,
          1,
          null,
          null,
          1,
          1,
          1,
          null,
          null,
          1,
          3,
          null,
          null,
          1,
          1,
          1,
          null,
          null
        ]
      },
      "/Users/hmtanbir/www/ruby/projects/sanda/app/controllers/test_controller.rb": {
        "lines": [
          null,
          1,
          1,
          1,
          null,
          null,
          1,
          1,
          null,
          null,
          1,
          1,
          null,
          null,
          1,
          1,
          null,
          null
        ]
      }
    },
    "timestamp": 1753617258
  }
}
